C:\Allegro\ConfigFiles\PartNumber_PP.txt
C:/Allegro/Work/JODY - mPCIe adapter/JODY_B203_20170126.brd
Thu Jan 26 17:53:26 2017

REFDES,SYM_MIRROR,SYM_NAME,COMP_DEVICE_TYPE,COMP_PACKAGE,SYM_X,SYM_Y,SYM_ROTATE,BOARD_ACCURACY,BOARD_UNITS
C1,NO,0805,CAP-NP_0805_10U,0805,23125.0,22425.0,90.000,0.1,microns
C2,NO,0805,CAP-NP_0805_10U,0805,21425.0,22425.0,90.000,0.1,microns
C3,YES,0201,CAP-NP_0201_100N,0201,27950.0,18850.0,180.000,0.1,microns
C4,YES,0201,CAP-NP_0201_100N,0201,23300.0,16000.0,270.000,0.1,microns
C5,YES,0201,CAP-NP_0201_47P,0201,26450.0,12275.0,180.000,0.1,microns
C6,YES,0201,CAP-NP_0201_47P,0201,25200.0,12275.0,0.000,0.1,microns
C7,NO,0201,CAP-NP_0201_100N,0201,28100.0,14900.0,180.000,0.1,microns
D1,NO,ST0201,TVS_DIODE_BIDIR_ST0201_ESDARF02,ST0201,17400.0,22350.0,0.000,0.1,microns
D2,NO,ST0201,TVS_DIODE_BIDIR_ST0201_ESDARF02,ST0201,8600.0,22225.0,0.000,0.1,microns
D3,NO,ST0201,TVS_DIODE_BIDIR_ST0201_ESDARF02,ST0201,13000.0,22225.0,0.000,0.1,microns
FID1,NO,FID1000,FIDUCIAL_FID1000_,FID1000,3000.0,5100.0,0.000,0.1,microns
FID2,NO,FID1000,FIDUCIAL_FID1000_,FID1000,28100.0,5100.0,0.000,0.1,microns
FID3,NO,FID1000,FIDUCIAL_FID1000_,FID1000,22275.0,25300.0,0.000,0.1,microns
FID4,NO,FID1000,FIDUCIAL_FID1000_,FID1000,1500.0,19775.0,0.000,0.1,microns
FID5,YES,FID1000,FIDUCIAL_FID1000_,FID1000,28100.0,5100.0,0.000,0.1,microns
FID6,YES,FID1000,FIDUCIAL_FID1000_,FID1000,3000.0,5100.0,0.000,0.1,microns
FID7,YES,FID1000,FIDUCIAL_FID1000_,FID1000,1500.0,19775.0,0.000,0.1,microns
FID8,YES,FID1000,FIDUCIAL_FID1000_,FID1000,22275.0,25300.0,0.000,0.1,microns
J1,NO,SPCIEXPR_MINI_CARDEDGE,MINIPCIE_SPCIEXPR_MINI_CARDEDGE,SPCIEXPR_MINI_CARDEDGE,11150.0,0.0,0.000,0.1,microns
J2,NO,UFL,SMA_RF_5P_UFL_U.FL,UFL,17200.0,24750.0,0.000,0.1,microns
J3,NO,UFL,SMA_RF_5P_UFL_U.FL,UFL,8400.0,24750.0,0.000,0.1,microns
J4,NO,UFL,SMA_RF_5P_UFL_U.FL,UFL,12800.0,24750.0,0.000,0.1,microns
MH1,NO,MH2600P3400,MOUNT-HOLE_MH2600P3400_MH2600P3,MH2600P3400,2900.0,23900.0,0.000,0.1,microns
MH2,NO,MH2600P3400,MOUNT-HOLE_MH2600P3400_MH2600P3,MH2600P3400,27100.0,23900.0,0.000,0.1,microns
MH3,NO,MH2600P3400,MOUNT-HOLE_MH2600P3400_MH2600P3,MH2600P3400,2900.0,48050.0,0.000,0.1,microns
MH4,NO,MH2600P3400,MOUNT-HOLE_MH2600P3400_MH2600P3,MH2600P3400,27100.0,48050.0,0.000,0.1,microns
R1,NO,0201,RES_0201_10K,0201,26925.0,11700.0,180.000,0.1,microns
R2,YES,0201,RES_0201_100K,0201,17700.0,7450.0,270.000,0.1,microns
R3,YES,0201,RES_0201_100K,0201,17000.0,7450.0,270.000,0.1,microns
R4,YES,0201,RES_0201_100K,0201,16300.0,7450.0,270.000,0.1,microns
R5,NO,0201,RES_0201_10K,0201,26500.0,12675.0,270.000,0.1,microns
R6,NO,0201,RES_0201_10K,0201,28600.0,13925.0,90.000,0.1,microns
R7,YES,0201,RES_0201_0R,0201,7675.0,15650.0,270.000,0.1,microns
R8,YES,0201,RES_0201_0R,0201,5175.0,11825.0,270.000,0.1,microns
R9,YES,0201,RES_0201_0R,0201,7675.0,18650.0,270.000,0.1,microns
R10,YES,0201,RES_0201_27,0201,25475.0,13250.0,90.000,0.1,microns
R11,YES,0201,RES_0201_27,0201,26175.0,13250.0,90.000,0.1,microns
R12,NO,0201,RES_0201_0R,0201,27900.0,12675.0,90.000,0.1,microns
R13,YES,0201,RES_0201_0R,0201,20700.0,16850.0,0.000,0.1,microns
R14,NO,0201,RES_0201_0R,0201,28600.0,12675.0,90.000,0.1,microns
R15,NO,0201,RES_0201_0R,0201,28750.0,11425.0,90.000,0.1,microns
R16,NO,0201,RES_0201_10K,0201,19525.0,21350.0,270.000,0.1,microns
R17,NO,0201,RES_0201_10K,0201,20225.0,21350.0,270.000,0.1,microns
R18,NO,0201,RES_0201_10K,0201,18825.0,21350.0,270.000,0.1,microns
TP1,YES,TP_S1500_NO_PASTE,TEST_POINT_TP_S1500_NO_PASTE_TP,TP_S1500_NO_PASTE,17000.0,18325.0,0.000,0.1,microns
TP2,YES,TP_S1500_NO_PASTE,TEST_POINT_TP_S1500_NO_PASTE_TP,TP_S1500_NO_PASTE,16000.0,19750.0,0.000,0.1,microns
TP3,YES,TP_S1500_NO_PASTE,TEST_POINT_TP_S1500_NO_PASTE_TP,TP_S1500_NO_PASTE,15000.0,18325.0,0.000,0.1,microns
U1,NO,UBLOX_JODY_LGA75,JODY-W1_UBLOX_JODY_LGA75_JODY-W,UBLOX_JODY_LGA75,16000.0,13625.0,270.000,0.1,microns
U2,YES,QFN20_4X4,FT231X_QFN20_4X4_FT231X,QFN20_4X4,26075.0,16300.0,0.000,0.1,microns
U3,NO,4SMD_32X25,4P_OSC_4SMD_32X25_32.768KHZ,4SMD_32X25,27825.0,17100.0,90.000,0.1,microns
U4,YES,SC70-5,NOT_5P_SC70-5_SN74LVC1G04,SC70-5,20625.0,18475.0,270.000,0.1,microns
